version https://git-lfs.github.com/spec/v1
oid sha256:c0af1265ac6055be020994e2a49ad7cb29f7615fe4932243deb02c3c32f3b58c
size 5706
